Determining if the pthread_create exist failed with the following output:
Change Dir: /home/zhouji/Documents/autodrive/rpc_ws/build/CMakeFiles/CMakeTmp

Run Build Command:/usr/bin/make "cmTryCompileExec3964988692/fast"
/usr/bin/make -f CMakeFiles/cmTryCompileExec3964988692.dir/build.make CMakeFiles/cmTryCompileExec3964988692.dir/build
make[1]: Entering directory `/home/zhouji/Documents/autodrive/rpc_ws/build/CMakeFiles/CMakeTmp'
/usr/bin/cmake -E cmake_progress_report /home/zhouji/Documents/autodrive/rpc_ws/build/CMakeFiles/CMakeTmp/CMakeFiles 1
Building C object CMakeFiles/cmTryCompileExec3964988692.dir/CheckSymbolExists.c.o
/usr/bin/cc    -o CMakeFiles/cmTryCompileExec3964988692.dir/CheckSymbolExists.c.o   -c /home/zhouji/Documents/autodrive/rpc_ws/build/CMakeFiles/CMakeTmp/CheckSymbolExists.c
Linking C executable cmTryCompileExec3964988692
/usr/bin/cmake -E cmake_link_script CMakeFiles/cmTryCompileExec3964988692.dir/link.txt --verbose=1
/usr/bin/cc       CMakeFiles/cmTryCompileExec3964988692.dir/CheckSymbolExists.c.o  -o cmTryCompileExec3964988692 -rdynamic 
CMakeFiles/cmTryCompileExec3964988692.dir/CheckSymbolExists.c.o: In function `main':
CheckSymbolExists.c:(.text+0x16): undefined reference to `pthread_create'
collect2: error: ld returned 1 exit status
make[1]: Leaving directory `/home/zhouji/Documents/autodrive/rpc_ws/build/CMakeFiles/CMakeTmp'
make[1]: *** [cmTryCompileExec3964988692] Error 1
make: *** [cmTryCompileExec3964988692/fast] Error 2

File /home/zhouji/Documents/autodrive/rpc_ws/build/CMakeFiles/CMakeTmp/CheckSymbolExists.c:
/* */
#include <pthread.h>

int main(int argc, char** argv)
{
  (void)argv;
#ifndef pthread_create
  return ((int*)(&pthread_create))[argc];
#else
  (void)argc;
  return 0;
#endif
}

Determining if the function pthread_create exists in the pthreads failed with the following output:
Change Dir: /home/zhouji/Documents/autodrive/rpc_ws/build/CMakeFiles/CMakeTmp

Run Build Command:/usr/bin/make "cmTryCompileExec904572923/fast"
/usr/bin/make -f CMakeFiles/cmTryCompileExec904572923.dir/build.make CMakeFiles/cmTryCompileExec904572923.dir/build
make[1]: Entering directory `/home/zhouji/Documents/autodrive/rpc_ws/build/CMakeFiles/CMakeTmp'
/usr/bin/cmake -E cmake_progress_report /home/zhouji/Documents/autodrive/rpc_ws/build/CMakeFiles/CMakeTmp/CMakeFiles 1
Building C object CMakeFiles/cmTryCompileExec904572923.dir/CheckFunctionExists.c.o
/usr/bin/cc   -DCHECK_FUNCTION_EXISTS=pthread_create   -o CMakeFiles/cmTryCompileExec904572923.dir/CheckFunctionExists.c.o   -c /usr/share/cmake-2.8/Modules/CheckFunctionExists.c
Linking C executable cmTryCompileExec904572923
/usr/bin/cmake -E cmake_link_script CMakeFiles/cmTryCompileExec904572923.dir/link.txt --verbose=1
/usr/bin/cc   -DCHECK_FUNCTION_EXISTS=pthread_create    CMakeFiles/cmTryCompileExec904572923.dir/CheckFunctionExists.c.o  -o cmTryCompileExec904572923 -rdynamic -lpthreads 
/usr/bin/ld: cannot find -lpthreads
collect2: error: ld returned 1 exit status
make[1]: Leaving directory `/home/zhouji/Documents/autodrive/rpc_ws/build/CMakeFiles/CMakeTmp'
make[1]: *** [cmTryCompileExec904572923] Error 1
make: *** [cmTryCompileExec904572923/fast] Error 2


